0 info it worked if it ends with ok
1 verbose cli [ '/Users/iveliskova/.nvm/versions/node/v4.4.4/bin/node',
1 verbose cli   '/Users/iveliskova/.nvm/versions/node/v4.4.4/bin/npm',
1 verbose cli   'start' ]
2 info using npm@3.9.2
3 info using node@v4.4.4
4 verbose run-script [ 'prestart', 'start', 'poststart' ]
5 info lifecycle gdi-nodejs@1.0.0~prestart: gdi-nodejs@1.0.0
6 silly lifecycle gdi-nodejs@1.0.0~prestart: no script for prestart, continuing
7 info lifecycle gdi-nodejs@1.0.0~start: gdi-nodejs@1.0.0
8 verbose lifecycle gdi-nodejs@1.0.0~start: unsafe-perm in lifecycle true
9 verbose lifecycle gdi-nodejs@1.0.0~start: PATH: /Users/iveliskova/.nvm/versions/node/v4.4.4/lib/node_modules/npm/bin/node-gyp-bin:/Users/iveliskova/Desktop/gdi-nodejs/node_modules/.bin:/Users/iveliskova/.nvm/versions/node/v4.4.4/bin:/Users/iveliskova/.nvm/versions/node/v4.4.4/bin:/Users/iveliskova/.rbenv/shims:/usr/local/bin:/usr/bin:/bin:/usr/sbin:/sbin:/opt/X11/bin
10 verbose lifecycle gdi-nodejs@1.0.0~start: CWD: /Users/iveliskova/Desktop/gdi-nodejs
11 silly lifecycle gdi-nodejs@1.0.0~start: Args: [ '-c', 'node app.js' ]
12 silly lifecycle gdi-nodejs@1.0.0~start: Returned: code: 1  signal: null
13 info lifecycle gdi-nodejs@1.0.0~start: Failed to exec start script
14 verbose stack Error: gdi-nodejs@1.0.0 start: `node app.js`
14 verbose stack Exit status 1
14 verbose stack     at EventEmitter.<anonymous> (/Users/iveliskova/.nvm/versions/node/v4.4.4/lib/node_modules/npm/lib/utils/lifecycle.js:245:16)
14 verbose stack     at emitTwo (events.js:87:13)
14 verbose stack     at EventEmitter.emit (events.js:172:7)
14 verbose stack     at ChildProcess.<anonymous> (/Users/iveliskova/.nvm/versions/node/v4.4.4/lib/node_modules/npm/lib/utils/spawn.js:24:14)
14 verbose stack     at emitTwo (events.js:87:13)
14 verbose stack     at ChildProcess.emit (events.js:172:7)
14 verbose stack     at maybeClose (internal/child_process.js:827:16)
14 verbose stack     at Process.ChildProcess._handle.onexit (internal/child_process.js:211:5)
15 verbose pkgid gdi-nodejs@1.0.0
16 verbose cwd /Users/iveliskova/Desktop/gdi-nodejs
17 error Darwin 15.5.0
18 error argv "/Users/iveliskova/.nvm/versions/node/v4.4.4/bin/node" "/Users/iveliskova/.nvm/versions/node/v4.4.4/bin/npm" "start"
19 error node v4.4.4
20 error npm  v3.9.2
21 error code ELIFECYCLE
22 error gdi-nodejs@1.0.0 start: `node app.js`
22 error Exit status 1
23 error Failed at the gdi-nodejs@1.0.0 start script 'node app.js'.
23 error Make sure you have the latest version of node.js and npm installed.
23 error If you do, this is most likely a problem with the gdi-nodejs package,
23 error not with npm itself.
23 error Tell the author that this fails on your system:
23 error     node app.js
23 error You can get information on how to open an issue for this project with:
23 error     npm bugs gdi-nodejs
23 error Or if that isn't available, you can get their info via:
23 error     npm owner ls gdi-nodejs
23 error There is likely additional logging output above.
24 verbose exit [ 1, true ]
